<?xml version="1.0" encoding="UTF-8"?>
<testng-results skipped="0" failed="0" total="1" passed="1">
  <reporter-output>
  </reporter-output>
  <suite name="Default suite" duration-ms="22213" started-at="2021-05-18T14:34:58Z" finished-at="2021-05-18T14:35:21Z">
    <groups>
    </groups>
    <test name="Default test" duration-ms="22213" started-at="2021-05-18T14:34:58Z" finished-at="2021-05-18T14:35:21Z">
      <class name="rough.TestCase4">
        <test-method status="PASS" signature="setUp()[pri:0, instance:rough.TestCase4@685cb137]" name="setUp" is-config="true" duration-ms="2637" started-at="2021-05-18T20:04:58Z" finished-at="2021-05-18T20:05:01Z">
          <reporter-output>
          </reporter-output>
        </test-method> <!-- setUp -->
        <test-method status="PASS" signature="testTestCase4()[pri:0, instance:rough.TestCase4@685cb137]" name="testTestCase4" duration-ms="16422" started-at="2021-05-18T20:05:01Z" finished-at="2021-05-18T20:05:17Z">
          <reporter-output>
          </reporter-output>
        </test-method> <!-- testTestCase4 -->
        <test-method status="PASS" signature="tearDown()[pri:0, instance:rough.TestCase4@685cb137]" name="tearDown" is-config="true" duration-ms="3111" started-at="2021-05-18T20:05:17Z" finished-at="2021-05-18T20:05:21Z">
          <reporter-output>
          </reporter-output>
        </test-method> <!-- tearDown -->
      </class> <!-- rough.TestCase4 -->
    </test> <!-- Default test -->
  </suite> <!-- Default suite -->
</testng-results>
