<?xml version="1.0" encoding="UTF-8"?>
<testng-results skipped="0" failed="0" total="1" passed="1">
  <reporter-output>
  </reporter-output>
  <suite name="Suite" duration-ms="11751" started-at="2021-05-10T06:21:10Z" finished-at="2021-05-10T06:21:22Z">
    <groups>
    </groups>
    <test name="Test" duration-ms="11751" started-at="2021-05-10T06:21:10Z" finished-at="2021-05-10T06:21:22Z">
      <class name="test.LoginTest">
        <test-method status="PASS" signature="testlauchURL()[pri:0, instance:test.LoginTest@7ac7a4e4]" name="testlauchURL" is-config="true" duration-ms="7041" started-at="2021-05-10T11:51:10Z" finished-at="2021-05-10T11:51:17Z">
          <reporter-output>
          </reporter-output>
        </test-method> <!-- testlauchURL -->
        <test-method status="PASS" signature="verifyLogin_invalidcredentials(java.lang.String, java.lang.String)[pri:0, instance:test.LoginTest@7ac7a4e4]" name="verifyLogin_invalidcredentials" duration-ms="3906" started-at="2021-05-10T11:51:17Z" data-provider="invaliddataProvider" finished-at="2021-05-10T11:51:21Z">
          <params>
            <param index="0">
              <value>
                <![CDATA[mngr322967]]>
              </value>
            </param>
            <param index="1">
              <value>
                <![CDATA[ysAhadE]]>
              </value>
            </param>
          </params>
          <reporter-output>
          </reporter-output>
        </test-method> <!-- verifyLogin_invalidcredentials -->
        <test-method status="PASS" signature="closebrowser()[pri:0, instance:test.LoginTest@7ac7a4e4]" name="closebrowser" is-config="true" duration-ms="781" started-at="2021-05-10T11:51:21Z" finished-at="2021-05-10T11:51:22Z">
          <reporter-output>
          </reporter-output>
        </test-method> <!-- closebrowser -->
      </class> <!-- test.LoginTest -->
    </test> <!-- Test -->
  </suite> <!-- Suite -->
</testng-results>
