<?xml version="1.0" encoding="UTF-8"?>
<!-- Generated by org.testng.reporters.JUnitXMLReporter -->
<testsuite hostname="DESKTOP-K8C90VV" ignored="1" name="Default test" tests="1" failures="0" timestamp="10 May 2021 11:30:20 GMT" time="12.552" errors="0">
  <testcase name="verifyLogin_invalidcredentials" time="3.958" classname="test.LoginTest"/>
  <testcase name="verifyLogin_validcredentials" time="0.0" classname="test.LoginTest">
    <ignored/>
  </testcase> <!-- verifyLogin_validcredentials -->
</testsuite> <!-- Default test -->
